     1 00000000                                 ;; myOS
     2 00000000                                 
     3                                              ORG     0x7c00          ;; 程序的装载地址
     4 00007C00                                 
     5 00007C00                                 ;; FAT12格式软盘专用格式
     6 00007C00                                 
     7 00007C00 EB 4E                               JMP     entry
     8 00007C02 90                                  DB      0x90
     9 00007C03 49 50 4C 20 20 20 20 20             DB      "IPL     "       ;; 启动区名称(固定8 BYTE)
    10 00007C0B 0200                                DW      512              ;; 每个扇区(sector)的大小(固定512 BYTE)
    11 00007C0D 01                                  DB      1                ;; cluster 的大小(一个扇区)
    12 00007C0E 0001                                DW      1                ;; FAT起始位置(第一个扇区)
    13 00007C10 02                                  DB      2                ;; FAT的个数(固定值2)
    14 00007C11 00E0                                DW      224              ;; 根目录的大小(一般为224)
    15 00007C13 0B40                                DW      2880             ;; 磁盘的大小(2880扇区)
    16 00007C15 F0                                  DB      0xf0             ;; 磁盘的种类(固定值0xf0)
    17 00007C16 0009                                DW      9                ;; FAT的长度(固定值9扇区)
    18 00007C18 0012                                DW      18               ;; 一个磁道(track)的扇区数(固定值18)
    19 00007C1A 0002                                DW      2                ;; 磁头数(固定值2)
    20 00007C1C 00000000                            DD      0                ;; 不使用分区
    21 00007C20 00000B40                            DD      2880             ;; 重写一次磁盘的大小
    22 00007C24 00 00 29                            DB      0, 0, 0x29
    23 00007C27 FFFFFFFF                            DD      0xffffffff
    24 00007C2B 4F 53 20 20 20 20 20 20 20 20       DB      "OS         "    ;; 磁盘的名称(11 BYTE)
       00007C35 20 
    25 00007C36 46 41 54 31 32 20 20 20             DB      "FAT12   "       ;; 磁盘格式名称(8 BYTE)
    26 00007C3E 00 00 00 00 00 00 00 00 00 00       RESB    18               ;; 预留18 BYTE
       00007C48 00 00 00 00 00 00 00 00 
    27 00007C50                                 
    28 00007C50                                 ;; 程序核心
    29 00007C50                                 
    30 00007C50                                 entry:
    31 00007C50 B8 0000                                 MOV AX,0              ;; 初始化寄存器  
    32 00007C53 8E D0                                   MOV SS,AX
    33 00007C55 BC 7C00                                 MOV SP,0x7c00
    34 00007C58 8E D8                                   MOV DS,AX
    35 00007C5A                                         MOV ES AX
      >> [ERROR #002] parameter error.
    36 00007C5A                                 
    37 00007C5A BE 7C72                                 MOV SI,msg
    38 00007C5D                                 putloop:
    39 00007C5D 8A 04                                   MOV AL,[SI]
    40 00007C5F 83 C6 01                                ADD SI,1
    41 00007C62 3C 00                                   CMP AL,0
    42 00007C64 74 09                                   JE  fin
    43 00007C66 B4 0E                                   MOV AH,0x0e
    44 00007C68 BB 000F                                 MOV BX,15
    45 00007C6B CD 10                                   INT 0x10                ;; 调用0x10中断
    46 00007C6D EB EE                                   JMP putloop
    47 00007C6F                                 fin:
    48 00007C6F F4                                      HLT                     ;; 类似于sleep语句
    49 00007C70 EB FD                                   JMP fin
    50 00007C72                                 msg:
    51 00007C72 0A                                      DB      0x0a
    52 00007C73 68 65 6C 6C 6F 2C 20 68 65 6E           DB      "hello, hengist!"
       00007C7D 67 69 73 74 21 
    53 00007C82 0A                                      DB      0x0a
    54 00007C83 00                                      DB      0
    55 00007C84                                 
    56 00007C84 00 00 00 00 00 00 00 00 00 00           RESB    0x7dfe-$
       00007C8E 00 00 00 00 00 00 00 00 00 00 
       00007C98 00 00 00 00 00 00 00 00 00 00 
       00007CA2 00 00 00 00 00 00 00 00 00 00 
       00007CAC 00 00 00 00 00 00 00 00 00 00 
       00007CB6 00 00 00 00 00 00 00 00 00 00 
       00007CC0 00 00 00 00 00 00 00 00 00 00 
       00007CCA 00 00 00 00 00 00 00 00 00 00 
       00007CD4 00 00 00 00 00 00 00 00 00 00 
       00007CDE 00 00 00 00 00 00 00 00 00 00 
       00007CE8 00 00 00 00 00 00 00 00 00 00 
       00007CF2 00 00 00 00 00 00 00 00 00 00 
       00007CFC 00 00 00 00 00 00 00 00 00 00 
       00007D06 00 00 00 00 00 00 00 00 00 00 
       00007D10 00 00 00 00 00 00 00 00 00 00 
       00007D1A 00 00 00 00 00 00 00 00 00 00 
       00007D24 00 00 00 00 00 00 00 00 00 00 
       00007D2E 00 00 00 00 00 00 00 00 00 00 
       00007D38 00 00 00 00 00 00 00 00 00 00 
       00007D42 00 00 00 00 00 00 00 00 00 00 
       00007D4C 00 00 00 00 00 00 00 00 00 00 
       00007D56 00 00 00 00 00 00 00 00 00 00 
       00007D60 00 00 00 00 00 00 00 00 00 00 
       00007D6A 00 00 00 00 00 00 00 00 00 00 
       00007D74 00 00 00 00 00 00 00 00 00 00 
       00007D7E 00 00 00 00 00 00 00 00 00 00 
       00007D88 00 00 00 00 00 00 00 00 00 00 
       00007D92 00 00 00 00 00 00 00 00 00 00 
       00007D9C 00 00 00 00 00 00 00 00 00 00 
       00007DA6 00 00 00 00 00 00 00 00 00 00 
       00007DB0 00 00 00 00 00 00 00 00 00 00 
       00007DBA 00 00 00 00 00 00 00 00 00 00 
       00007DC4 00 00 00 00 00 00 00 00 00 00 
       00007DCE 00 00 00 00 00 00 00 00 00 00 
       00007DD8 00 00 00 00 00 00 00 00 00 00 
       00007DE2 00 00 00 00 00 00 00 00 00 00 
       00007DEC 00 00 00 00 00 00 00 00 00 00 
       00007DF6 00 00 00 00 00 00 00 00 
    57 00007DFE                                 
    58 00007DFE 55 AA                                   DB      0x55, 0xaa